<?xml version="1.0" encoding="UTF-8"?>
<testsuite xmlns:xsi="http://www.w3.org/2001/XMLSchema-instance" xsi:noNamespaceSchemaLocation="https://maven.apache.org/surefire/maven-surefire-plugin/xsd/surefire-test-report.xsd" name="edu.csus.csc131.euc.mainWindow.MainWindowTest" time="21.723" tests="28" errors="0" skipped="0" failures="0">
  <properties>
[...]
</properties>
  <testcase name="testActionPerformed_browseButton_1" classname="edu.csus.csc131.euc.mainWindow.MainWindowTest" time="9.799"/>
  <testcase name="testActionPerformed_browseButton_2" classname="edu.csus.csc131.euc.mainWindow.MainWindowTest" time="0.737"/>
  <testcase name="testValueChanged_1" classname="edu.csus.csc131.euc.mainWindow.MainWindowTest" time="0.072"/>
  <testcase name="testValueChanged_2" classname="edu.csus.csc131.euc.mainWindow.MainWindowTest" time="0.071"/>
  <testcase name="testValueChanged_3" classname="edu.csus.csc131.euc.mainWindow.MainWindowTest" time="0.069"/>
  <testcase name="testValueChanged_4" classname="edu.csus.csc131.euc.mainWindow.MainWindowTest" time="0.071"/>
  <testcase name="testValueChanged_5" classname="edu.csus.csc131.euc.mainWindow.MainWindowTest" time="0.069"/>
  <testcase name="testValueChanged_6" classname="edu.csus.csc131.euc.mainWindow.MainWindowTest" time="0.071"/>
  <testcase name="testActionPerformed_manualImportButton_1" classname="edu.csus.csc131.euc.mainWindow.MainWindowTest" time="0.194"/>
  <testcase name="testhelpIcon" classname="edu.csus.csc131.euc.mainWindow.MainWindowTest" time="0.046"/>
  <testcase name="testActionPerformed_importButton_1" classname="edu.csus.csc131.euc.mainWindow.MainWindowTest" time="1.551"/>
  <testcase name="testActionPerformed_setButton_1" classname="edu.csus.csc131.euc.mainWindow.MainWindowTest" time="0.144"/>
  <testcase name="testActionPerformed_setButton_2" classname="edu.csus.csc131.euc.mainWindow.MainWindowTest" time="0.141"/>
  <testcase name="testActionPerformed_setButton_3" classname="edu.csus.csc131.euc.mainWindow.MainWindowTest" time="0.14"/>
  <testcase name="testActionPerformed_setButton_4" classname="edu.csus.csc131.euc.mainWindow.MainWindowTest" time="0.141"/>
  <testcase name="testActionPerformed_setButton_5" classname="edu.csus.csc131.euc.mainWindow.MainWindowTest" time="0.143"/>
  <testcase name="testActionPerformed_setButton_6" classname="edu.csus.csc131.euc.mainWindow.MainWindowTest" time="0.137"/>
  <testcase name="testActionPerformed_setButton_7" classname="edu.csus.csc131.euc.mainWindow.MainWindowTest" time="1.278"/>
  <testcase name="testActionPerformed_setButton_8" classname="edu.csus.csc131.euc.mainWindow.MainWindowTest" time="0.87"/>
  <testcase name="testActionPerformed_setButton_9" classname="edu.csus.csc131.euc.mainWindow.MainWindowTest" time="2.714"/>
  <testcase name="testActionPerformed_viewLogButton_1" classname="edu.csus.csc131.euc.mainWindow.MainWindowTest" time="0.815"/>
  <testcase name="testActionPerformed_setButton_10" classname="edu.csus.csc131.euc.mainWindow.MainWindowTest" time="0.808"/>
  <testcase name="testActionPerformed_showRate_1" classname="edu.csus.csc131.euc.mainWindow.MainWindowTest" time="0.072"/>
  <testcase name="testActionPerformed_showRate_2" classname="edu.csus.csc131.euc.mainWindow.MainWindowTest" time="0.072"/>
  <testcase name="testActionPerformed_showRate_3" classname="edu.csus.csc131.euc.mainWindow.MainWindowTest" time="0.071"/>
  <testcase name="testActionPerformed_showRate_4" classname="edu.csus.csc131.euc.mainWindow.MainWindowTest" time="0.072"/>
  <testcase name="testActionPerformed_showRate_5" classname="edu.csus.csc131.euc.mainWindow.MainWindowTest" time="0.071"/>
  <testcase name="testActionPerformed_showRate_6" classname="edu.csus.csc131.euc.mainWindow.MainWindowTest" time="0.072"/>
</testsuite>